[0.017s] Invoking command in '/home/ydtxrl/ros2_ws/build/my_cpp_pkg': CMAKE_PREFIX_PATH=${CMAKE_PREFIX_PATH}:/opt/ros/jazzy DEBUGINFOD_URLS=https://debuginfod.ubuntu.com /usr/bin/cmake --build /home/ydtxrl/ros2_ws/build/my_cpp_pkg -- -j16 -l16
[0.266s] Invoked command in '/home/ydtxrl/ros2_ws/build/my_cpp_pkg' returned '0': CMAKE_PREFIX_PATH=${CMAKE_PREFIX_PATH}:/opt/ros/jazzy DEBUGINFOD_URLS=https://debuginfod.ubuntu.com /usr/bin/cmake --build /home/ydtxrl/ros2_ws/build/my_cpp_pkg -- -j16 -l16
[0.277s] Invoking command in '/home/ydtxrl/ros2_ws/build/my_cpp_pkg': CMAKE_PREFIX_PATH=${CMAKE_PREFIX_PATH}:/opt/ros/jazzy DEBUGINFOD_URLS=https://debuginfod.ubuntu.com /usr/bin/cmake --install /home/ydtxrl/ros2_ws/build/my_cpp_pkg
[0.286s] -- Install configuration: ""
[0.286s] -- Up-to-date: /home/ydtxrl/ros2_ws/install/my_cpp_pkg/share/ament_index/resource_index/package_run_dependencies/my_cpp_pkg
[0.286s] -- Up-to-date: /home/ydtxrl/ros2_ws/install/my_cpp_pkg/share/ament_index/resource_index/parent_prefix_path/my_cpp_pkg
[0.287s] -- Up-to-date: /home/ydtxrl/ros2_ws/install/my_cpp_pkg/share/my_cpp_pkg/environment/ament_prefix_path.sh
[0.287s] -- Up-to-date: /home/ydtxrl/ros2_ws/install/my_cpp_pkg/share/my_cpp_pkg/environment/ament_prefix_path.dsv
[0.287s] -- Up-to-date: /home/ydtxrl/ros2_ws/install/my_cpp_pkg/share/my_cpp_pkg/environment/path.sh
[0.288s] -- Up-to-date: /home/ydtxrl/ros2_ws/install/my_cpp_pkg/share/my_cpp_pkg/environment/path.dsv
[0.289s] -- Up-to-date: /home/ydtxrl/ros2_ws/install/my_cpp_pkg/share/my_cpp_pkg/local_setup.bash
[0.289s] -- Up-to-date: /home/ydtxrl/ros2_ws/install/my_cpp_pkg/share/my_cpp_pkg/local_setup.sh
[0.289s] -- Up-to-date: /home/ydtxrl/ros2_ws/install/my_cpp_pkg/share/my_cpp_pkg/local_setup.zsh
[0.289s] -- Up-to-date: /home/ydtxrl/ros2_ws/install/my_cpp_pkg/share/my_cpp_pkg/local_setup.dsv
[0.289s] -- Up-to-date: /home/ydtxrl/ros2_ws/install/my_cpp_pkg/share/my_cpp_pkg/package.dsv
[0.289s] -- Up-to-date: /home/ydtxrl/ros2_ws/install/my_cpp_pkg/share/ament_index/resource_index/packages/my_cpp_pkg
[0.289s] -- Up-to-date: /home/ydtxrl/ros2_ws/install/my_cpp_pkg/share/my_cpp_pkg/cmake/my_cpp_pkgConfig.cmake
[0.289s] -- Up-to-date: /home/ydtxrl/ros2_ws/install/my_cpp_pkg/share/my_cpp_pkg/cmake/my_cpp_pkgConfig-version.cmake
[0.289s] -- Up-to-date: /home/ydtxrl/ros2_ws/install/my_cpp_pkg/share/my_cpp_pkg/package.xml
[0.290s] Invoked command in '/home/ydtxrl/ros2_ws/build/my_cpp_pkg' returned '0': CMAKE_PREFIX_PATH=${CMAKE_PREFIX_PATH}:/opt/ros/jazzy DEBUGINFOD_URLS=https://debuginfod.ubuntu.com /usr/bin/cmake --install /home/ydtxrl/ros2_ws/build/my_cpp_pkg
