[0.903s] Invoking command in '/home/ydtxrl/ros2_ws/src/my_py_pkg': DEBUGINFOD_URLS=https://debuginfod.ubuntu.com PYTHONPATH=/home/ydtxrl/ros2_ws/build/my_py_pkg/prefix_override:/usr/lib/python3/dist-packages/colcon_core/task/python/colcon_distutils_commands:/home/ydtxrl/ros2_ws/install/my_py_pkg/lib/python3.12/site-packages:${PYTHONPATH} /usr/bin/python3 -W ignore:setup.py install is deprecated -W ignore:easy_install command is deprecated setup.py egg_info --egg-base ../../build/my_py_pkg build --build-base /home/ydtxrl/ros2_ws/build/my_py_pkg/build install --record /home/ydtxrl/ros2_ws/build/my_py_pkg/install.log --single-version-externally-managed install_data
[1.207s] running egg_info
[1.228s] writing ../../build/my_py_pkg/my_py_pkg.egg-info/PKG-INFO
[1.228s] writing dependency_links to ../../build/my_py_pkg/my_py_pkg.egg-info/dependency_links.txt
[1.228s] writing entry points to ../../build/my_py_pkg/my_py_pkg.egg-info/entry_points.txt
[1.228s] writing requirements to ../../build/my_py_pkg/my_py_pkg.egg-info/requires.txt
[1.228s] writing top-level names to ../../build/my_py_pkg/my_py_pkg.egg-info/top_level.txt
[1.273s] reading manifest file '../../build/my_py_pkg/my_py_pkg.egg-info/SOURCES.txt'
[1.275s] writing manifest file '../../build/my_py_pkg/my_py_pkg.egg-info/SOURCES.txt'
[1.275s] running build
[1.275s] running build_py
[1.275s] copying my_py_pkg/my_first_node.py -> /home/ydtxrl/ros2_ws/build/my_py_pkg/build/lib/my_py_pkg
[1.275s] running install
[1.284s] running install_lib
[1.303s] copying /home/ydtxrl/ros2_ws/build/my_py_pkg/build/lib/my_py_pkg/my_first_node.py -> /home/ydtxrl/ros2_ws/install/my_py_pkg/lib/python3.12/site-packages/my_py_pkg
[1.304s] byte-compiling /home/ydtxrl/ros2_ws/install/my_py_pkg/lib/python3.12/site-packages/my_py_pkg/my_first_node.py to my_first_node.cpython-312.pyc
[1.304s] running install_data
[1.305s] running install_egg_info
[1.325s] removing '/home/ydtxrl/ros2_ws/install/my_py_pkg/lib/python3.12/site-packages/my_py_pkg-0.0.0-py3.12.egg-info' (and everything under it)
[1.325s] Copying ../../build/my_py_pkg/my_py_pkg.egg-info to /home/ydtxrl/ros2_ws/install/my_py_pkg/lib/python3.12/site-packages/my_py_pkg-0.0.0-py3.12.egg-info
[1.326s] running install_scripts
[1.460s] Installing test_node script to /home/ydtxrl/ros2_ws/install/my_py_pkg/lib/my_py_pkg
[1.460s] writing list of installed files to '/home/ydtxrl/ros2_ws/build/my_py_pkg/install.log'
[1.490s] Invoked command in '/home/ydtxrl/ros2_ws/src/my_py_pkg' returned '0': DEBUGINFOD_URLS=https://debuginfod.ubuntu.com PYTHONPATH=/home/ydtxrl/ros2_ws/build/my_py_pkg/prefix_override:/usr/lib/python3/dist-packages/colcon_core/task/python/colcon_distutils_commands:/home/ydtxrl/ros2_ws/install/my_py_pkg/lib/python3.12/site-packages:${PYTHONPATH} /usr/bin/python3 -W ignore:setup.py install is deprecated -W ignore:easy_install command is deprecated setup.py egg_info --egg-base ../../build/my_py_pkg build --build-base /home/ydtxrl/ros2_ws/build/my_py_pkg/build install --record /home/ydtxrl/ros2_ws/build/my_py_pkg/install.log --single-version-externally-managed install_data
