[1.173s] Invoking command in '/home/ydtxrl/ros2_ws/src/my_py_pkg': DEBUGINFOD_URLS=https://debuginfod.ubuntu.com PYTHONPATH=/home/ydtxrl/ros2_ws/build/my_py_pkg/prefix_override:/usr/lib/python3/dist-packages/colcon_core/task/python/colcon_distutils_commands:/home/ydtxrl/ros2_ws/install/my_py_pkg/lib/python3.12/site-packages:${PYTHONPATH} /usr/bin/python3 -W ignore:setup.py install is deprecated -W ignore:easy_install command is deprecated setup.py egg_info --egg-base ../../build/my_py_pkg build --build-base /home/ydtxrl/ros2_ws/build/my_py_pkg/build install --record /home/ydtxrl/ros2_ws/build/my_py_pkg/install.log --single-version-externally-managed install_data
[1.449s] running egg_info
[1.450s] creating ../../build/my_py_pkg/my_py_pkg.egg-info
[1.468s] writing ../../build/my_py_pkg/my_py_pkg.egg-info/PKG-INFO
[1.468s] writing dependency_links to ../../build/my_py_pkg/my_py_pkg.egg-info/dependency_links.txt
[1.468s] writing requirements to ../../build/my_py_pkg/my_py_pkg.egg-info/requires.txt
[1.468s] writing top-level names to ../../build/my_py_pkg/my_py_pkg.egg-info/top_level.txt
[1.468s] writing manifest file '../../build/my_py_pkg/my_py_pkg.egg-info/SOURCES.txt'
[1.505s] reading manifest file '../../build/my_py_pkg/my_py_pkg.egg-info/SOURCES.txt'
[1.505s] writing manifest file '../../build/my_py_pkg/my_py_pkg.egg-info/SOURCES.txt'
[1.506s] running build
[1.506s] running build_py
[1.506s] creating /home/ydtxrl/ros2_ws/build/my_py_pkg/build
[1.506s] creating /home/ydtxrl/ros2_ws/build/my_py_pkg/build/lib
[1.506s] creating /home/ydtxrl/ros2_ws/build/my_py_pkg/build/lib/my_py_pkg
[1.506s] copying my_py_pkg/__init__.py -> /home/ydtxrl/ros2_ws/build/my_py_pkg/build/lib/my_py_pkg
[1.506s] running install
[1.514s] running install_lib
[1.532s] creating /home/ydtxrl/ros2_ws/install/my_py_pkg/lib/python3.12/site-packages/my_py_pkg
[1.532s] copying /home/ydtxrl/ros2_ws/build/my_py_pkg/build/lib/my_py_pkg/__init__.py -> /home/ydtxrl/ros2_ws/install/my_py_pkg/lib/python3.12/site-packages/my_py_pkg
[1.533s] byte-compiling /home/ydtxrl/ros2_ws/install/my_py_pkg/lib/python3.12/site-packages/my_py_pkg/__init__.py to __init__.cpython-312.pyc
[1.533s] running install_data
[1.533s] creating /home/ydtxrl/ros2_ws/install/my_py_pkg/share/ament_index
[1.533s] creating /home/ydtxrl/ros2_ws/install/my_py_pkg/share/ament_index/resource_index
[1.534s] creating /home/ydtxrl/ros2_ws/install/my_py_pkg/share/ament_index/resource_index/packages
[1.534s] copying resource/my_py_pkg -> /home/ydtxrl/ros2_ws/install/my_py_pkg/share/ament_index/resource_index/packages
[1.534s] copying package.xml -> /home/ydtxrl/ros2_ws/install/my_py_pkg/share/my_py_pkg
[1.534s] running install_egg_info
[1.554s] Copying ../../build/my_py_pkg/my_py_pkg.egg-info to /home/ydtxrl/ros2_ws/install/my_py_pkg/lib/python3.12/site-packages/my_py_pkg-0.0.0-py3.12.egg-info
[1.554s] running install_scripts
[1.685s] writing list of installed files to '/home/ydtxrl/ros2_ws/build/my_py_pkg/install.log'
[1.717s] Invoked command in '/home/ydtxrl/ros2_ws/src/my_py_pkg' returned '0': DEBUGINFOD_URLS=https://debuginfod.ubuntu.com PYTHONPATH=/home/ydtxrl/ros2_ws/build/my_py_pkg/prefix_override:/usr/lib/python3/dist-packages/colcon_core/task/python/colcon_distutils_commands:/home/ydtxrl/ros2_ws/install/my_py_pkg/lib/python3.12/site-packages:${PYTHONPATH} /usr/bin/python3 -W ignore:setup.py install is deprecated -W ignore:easy_install command is deprecated setup.py egg_info --egg-base ../../build/my_py_pkg build --build-base /home/ydtxrl/ros2_ws/build/my_py_pkg/build install --record /home/ydtxrl/ros2_ws/build/my_py_pkg/install.log --single-version-externally-managed install_data
